#
# There is insufficient memory for the Java Runtime Environment to continue.
# Native memory allocation (mmap) failed to map 257949696 bytes. Error detail: G1 virtual space
# Possible reasons:
#   The system is out of physical RAM or swap space
#   This process is running with CompressedOops enabled, and the Java Heap may be blocking the growth of the native heap
# Possible solutions:
#   Reduce memory load on the system
#   Increase physical memory or swap space
#   Check if swap backing store is full
#   Decrease Java heap size (-Xmx/-Xms)
#   Decrease number of Java threads
#   Decrease Java thread stack sizes (-Xss)
#   Set larger code cache with -XX:ReservedCodeCacheSize=
#   JVM is running with Zero Based Compressed Oops mode in which the Java heap is
#     placed in the first 32GB address space. The Java Heap base address is the
#     maximum limit for the native heap growth. Please use -XX:HeapBaseMinAddress
#     to set the Java Heap base and to place the Java Heap above 32GB virtual address.
# This output file may be truncated or incomplete.
#
#  Out of Memory Error (os_windows.cpp:3554), pid=14856, tid=15608
#
# JRE version:  (25.0.1+8) (build )
# Java VM: OpenJDK 64-Bit Server VM (25.0.1+8-27, mixed mode, sharing, tiered, compressed oops, compressed class ptrs, g1 gc, windows-amd64)
# No core dump will be written. Minidumps are not enabled by default on client versions of Windows
#

---------------  S U M M A R Y ------------

Command Line: -javaagent:C:\Program Files\JetBrains\IntelliJ IDEA 2025.3.1\lib\idea_rt.jar=4819 -Dfile.encoding=UTF-8 -Dsun.stdout.encoding=UTF-8 -Dsun.stderr.encoding=UTF-8 com.ghost.Main

Host: AMD Ryzen 5 5600U with Radeon Graphics         , 12 cores, 15G,  Windows 11 , 64 bit Build 26100 (10.0.26100.7309)
Time: Tue Dec 30 20:21:03 2025 Morocco Daylight Time elapsed time: 0.037392 seconds (0d 0h 0m 0s)

---------------  T H R E A D  ---------------

Current thread (0x00000299dcc9ff60):  JavaThread "Unknown thread" [_thread_in_vm, id=15608, stack(0x000000c8bb700000,0x000000c8bb800000) (1024K)]

Stack: [0x000000c8bb700000,0x000000c8bb800000]
Native frames: (J=compiled Java code, j=interpreted, Vv=VM code, C=native code)
V  [jvm.dll+0x7a6b59]  (no source info available)
V  [jvm.dll+0x77290d]  (no source info available)
V  [jvm.dll+0x966153]  (no source info available)
V  [jvm.dll+0x968751]  (no source info available)
V  [jvm.dll+0x968e53]  (no source info available)
V  [jvm.dll+0x2fc756]  (no source info available)
V  [jvm.dll+0x7a2d85]  (no source info available)
V  [jvm.dll+0x796197]  (no source info available)
V  [jvm.dll+0x3f4698]  (no source info available)
V  [jvm.dll+0x3fc5b6]  (no source info available)
V  [jvm.dll+0x3e8c8e]  (no source info available)
V  [jvm.dll+0x3e8f48]  (no source info available)
V  [jvm.dll+0x3c0045]  (no source info available)
V  [jvm.dll+0x3c0cce]  (no source info available)
V  [jvm.dll+0x92c837]  (no source info available)
V  [jvm.dll+0x458bc2]  (no source info available)
V  [jvm.dll+0x9101e2]  (no source info available)
V  [jvm.dll+0x4f9061]  (no source info available)
V  [jvm.dll+0x4fa8f1]  (no source info available)
C  [jli.dll+0x543e]  (no source info available)
C  [ucrtbase.dll+0x37b0]  (no source info available)
C  [KERNEL32.DLL+0x2e8d7]  (no source info available)
C  [ntdll.dll+0x8c53c]  (no source info available)

Lock stack of current Java thread (top to bottom):


---------------  P R O C E S S  ---------------

Threads class SMR info:
_java_thread_list=0x00007ff841535308, length=0, elements={
}

Java Threads: ( => current thread )
Total: 0

Other Threads:
  0x00000299dcd04390 WorkerThread "GC Thread#0"                     [id=9284, stack(0x000000c8bb800000,0x000000c8bb900000) (1024K)]
  0x00000299daa4ea90 ConcurrentGCThread "G1 Main Marker"            [id=13532, stack(0x000000c8bb900000,0x000000c8bba00000) (1024K)]
  0x00000299dcd1c9b0 WorkerThread "G1 Conc#0"                       [id=324, stack(0x000000c8bba00000,0x000000c8bbb00000) (1024K)]

[error occurred during error reporting (printing all threads), id 0xc0000005, EXCEPTION_ACCESS_VIOLATION (0xc0000005) at pc=0x00007ff840c14c2a]
VM state: not at safepoint (not fully initialized)

VM Mutex/Monitor currently owned by a thread:  ([mutex/lock_event])
[0x00007ff8415b9668] Heap_lock - owner thread: 0x00000299dcc9ff60

Heap address: 0x000000070ae00000, size: 3922 MB, Compressed Oops mode: Zero based, Oop shift amount: 3

CDS archive(s) mapped at: [0x0000000000000000-0x0000000000000000-0x0000000000000000), size 0, SharedBaseAddress: 0x0000000800000000, ArchiveRelocationMode: 1.
UseCompressedClassPointers 1, UseCompactObjectHeaders 0
Narrow klass pointer bits 32, Max shift 3
Narrow klass base: 0xffffffffffffffff, Narrow klass shift: -1
Encoding Range: [0xffffffffffffffff - 0x000000007fffffff), (2147483648 bytes)
Klass Range:    [0x0000000000000000 - 0x0000000000000000), (0 bytes)
Klass ID Range:  [4294967295 - 0) (1)
No protection zone.

GC Precious Log:
 CardTable entry size: 512
 Card Set container configuration: InlinePtr #cards 4 size 8 Array Of Cards #cards 16 size 48 Howl #buckets 8 coarsen threshold 3686 Howl Bitmap #cards 512 size 80 coarsen threshold 460 Card regions per heap region 1 cards per card region 4096

Heap:
 garbage-first heap   total reserved 4016128K, committed 0K, used 0K [0x000000070ae00000, 0x0000000800000000)
  region size 2048K, 0 young (0K), 0 survivors (0K)

Heap Regions: E=young(eden), S=young(survivor), O=old, HS=humongous(starts), HC=humongous(continues), CS=collection set, F=free, TAMS=top-at-mark-start, PB=parsable bottom

Card table byte_map: [0x00000299f5350000,0x00000299f5b00000] _byte_map_base: 0x00000299f1af9000

Marking Bits: (CMBitMap*) 0x00000299daa4de10
 Bits: [0x00000299f5b00000, 0x00000299f9848000)

GC Heap Usage History (0 events):
No events

Metaspace Usage History (0 events):
No events

Dll operation events (1 events):
Event: 0.019 Loaded shared library C:\Users\Mustapha\.jdks\openjdk-25.0.1\bin\java.dll

Deoptimization events (0 events):
No events

Classes loaded (0 events):
No events

Classes unloaded (0 events):
No events

Classes redefined (0 events):
No events

Internal exceptions (0 events):
No events

VM Operations (0 events):
No events

Memory protections (0 events):
No events

Nmethod flushes (0 events):
No events

Events (0 events):
No events


Dynamic libraries:
0x00007ff73ac30000 - 0x00007ff73ac3e000 	C:\Users\Mustapha\.jdks\openjdk-25.0.1\bin\java.exe
0x00007ff8bfdc0000 - 0x00007ff8c0027000 	C:\WINDOWS\SYSTEM32\ntdll.dll
0x00007ff8be850000 - 0x00007ff8be919000 	C:\WINDOWS\System32\KERNEL32.DLL
0x00007ff8bd680000 - 0x00007ff8bda6f000 	C:\WINDOWS\System32\KERNELBASE.dll
0x00007ff8bd290000 - 0x00007ff8bd3db000 	C:\WINDOWS\System32\ucrtbase.dll
0x00007ff8b1ae0000 - 0x00007ff8b1afe000 	C:\Users\Mustapha\.jdks\openjdk-25.0.1\bin\VCRUNTIME140.dll
0x00007ff8b1b00000 - 0x00007ff8b1b17000 	C:\Users\Mustapha\.jdks\openjdk-25.0.1\bin\jli.dll
0x00007ff8bed50000 - 0x00007ff8bef15000 	C:\WINDOWS\System32\USER32.dll
0x00007ff8bdb30000 - 0x00007ff8bdb57000 	C:\WINDOWS\System32\win32u.dll
0x00007ff8a44f0000 - 0x00007ff8a4783000 	C:\WINDOWS\WinSxS\amd64_microsoft.windows.common-controls_6595b64144ccf1df_6.0.26100.7309_none_3e05feeae336a044\COMCTL32.dll
0x00007ff8be5e0000 - 0x00007ff8be60b000 	C:\WINDOWS\System32\GDI32.dll
0x00007ff8be970000 - 0x00007ff8bea19000 	C:\WINDOWS\System32\msvcrt.dll
0x00007ff8bd4a0000 - 0x00007ff8bd5cc000 	C:\WINDOWS\System32\gdi32full.dll
0x00007ff8bda80000 - 0x00007ff8bdb23000 	C:\WINDOWS\System32\msvcp_win.dll
0x00007ff8bf030000 - 0x00007ff8bf061000 	C:\WINDOWS\System32\IMM32.DLL
0x00007ff8b7dc0000 - 0x00007ff8b7dcc000 	C:\Users\Mustapha\.jdks\openjdk-25.0.1\bin\vcruntime140_1.dll
0x00007ff8a6a20000 - 0x00007ff8a6aad000 	C:\Users\Mustapha\.jdks\openjdk-25.0.1\bin\msvcp140.dll
0x00007ff840840000 - 0x00007ff84169f000 	C:\Users\Mustapha\.jdks\openjdk-25.0.1\bin\server\jvm.dll
0x00007ff8bf080000 - 0x00007ff8bf134000 	C:\WINDOWS\System32\ADVAPI32.dll
0x00007ff8be7a0000 - 0x00007ff8be846000 	C:\WINDOWS\System32\sechost.dll
0x00007ff8bfc60000 - 0x00007ff8bfd78000 	C:\WINDOWS\System32\RPCRT4.dll
0x00007ff8be0d0000 - 0x00007ff8be144000 	C:\WINDOWS\System32\WS2_32.dll
0x00007ff8bcd70000 - 0x00007ff8bcdce000 	C:\WINDOWS\SYSTEM32\POWRPROF.dll
0x00007ff8b6a80000 - 0x00007ff8b6ab5000 	C:\WINDOWS\SYSTEM32\WINMM.dll
0x00007ff8b6ac0000 - 0x00007ff8b6acb000 	C:\WINDOWS\SYSTEM32\VERSION.dll
0x00007ff8bcd50000 - 0x00007ff8bcd64000 	C:\WINDOWS\SYSTEM32\UMPDC.dll
0x00007ff8bbc80000 - 0x00007ff8bbc9b000 	C:\WINDOWS\SYSTEM32\kernel.appcore.dll
0x00007ff8b3820000 - 0x00007ff8b382a000 	C:\Users\Mustapha\.jdks\openjdk-25.0.1\bin\jimage.dll
0x00007ff8b0d30000 - 0x00007ff8b0f72000 	C:\WINDOWS\SYSTEM32\DBGHELP.DLL
0x00007ff8bdb60000 - 0x00007ff8bdee5000 	C:\WINDOWS\System32\combase.dll
0x00007ff8bec60000 - 0x00007ff8bed36000 	C:\WINDOWS\System32\OLEAUT32.dll
0x00007ff89b1f0000 - 0x00007ff89b22c000 	C:\WINDOWS\SYSTEM32\dbgcore.DLL
0x00007ff8bd5d0000 - 0x00007ff8bd675000 	C:\WINDOWS\System32\bcryptPrimitives.dll
0x00007ff8a65d0000 - 0x00007ff8a65e0000 	C:\Users\Mustapha\.jdks\openjdk-25.0.1\bin\instrument.dll
0x00007ff8a6e50000 - 0x00007ff8a6e6f000 	C:\Users\Mustapha\.jdks\openjdk-25.0.1\bin\java.dll
0x00007ff8bf360000 - 0x00007ff8bf4f7000 	C:\WINDOWS\System32\ole32.dll
0x00007ff8bf500000 - 0x00007ff8bfc53000 	C:\WINDOWS\System32\SHELL32.dll
0x00007ff8bd090000 - 0x00007ff8bd1fa000 	C:\WINDOWS\System32\wintypes.dll

JVMTI agents:
C:\Program Files\JetBrains\IntelliJ IDEA 2025.3.1\lib\idea_rt.jar path:none, loaded, not initialized, instrumentlib options:4819

dbghelp: loaded successfully - version: 4.0.5 - missing functions: none
symbol engine: initialized successfully - sym options: 0x614 - pdb path: .;C:\Users\Mustapha\.jdks\openjdk-25.0.1\bin;C:\WINDOWS\SYSTEM32;C:\WINDOWS\WinSxS\amd64_microsoft.windows.common-controls_6595b64144ccf1df_6.0.26100.7309_none_3e05feeae336a044;C:\Users\Mustapha\.jdks\openjdk-25.0.1\bin\server

VM Arguments:
jvm_args: -javaagent:C:\Program Files\JetBrains\IntelliJ IDEA 2025.3.1\lib\idea_rt.jar=4819 -Dfile.encoding=UTF-8 -Dsun.stdout.encoding=UTF-8 -Dsun.stderr.encoding=UTF-8 
java_command: com.ghost.Main
java_class_path (initial): C:\Users\Mustapha\Documents\Spring-Boot\java\target\classes
Launcher Type: SUN_STANDARD

[Global flags]
     intx CICompilerCount                          = 4                                         {product} {ergonomic}
     uint ConcGCThreads                            = 3                                         {product} {ergonomic}
     uint G1ConcRefinementThreads                  = 10                                        {product} {ergonomic}
   size_t G1HeapRegionSize                         = 2097152                                   {product} {ergonomic}
   size_t InitialHeapSize                          = 257949696                                 {product} {ergonomic}
   size_t MarkStackSize                            = 4194304                                   {product} {ergonomic}
   size_t MarkStackSizeMax                         = 536870912                                 {product} {ergonomic}
   size_t MaxHeapSize                              = 4112515072                                {product} {ergonomic}
   size_t MinHeapDeltaBytes                        = 2097152                                   {product} {ergonomic}
   size_t MinHeapSize                              = 8388608                                   {product} {ergonomic}
    uintx NonNMethodCodeHeapSize                   = 5832704                                {pd product} {ergonomic}
    uintx NonProfiledCodeHeapSize                  = 122945536                              {pd product} {ergonomic}
    uintx ProfiledCodeHeapSize                     = 122880000                              {pd product} {ergonomic}
    uintx ReservedCodeCacheSize                    = 251658240                              {pd product} {ergonomic}
     bool SegmentedCodeCache                       = true                                      {product} {ergonomic}
   size_t SoftMaxHeapSize                          = 4112515072                             {manageable} {ergonomic}
     bool UseCompressedOops                        = true                           {product lp64_product} {ergonomic}
     bool UseG1GC                                  = true                                      {product} {ergonomic}
     bool UseLargePagesIndividualAllocation        = false                                  {pd product} {ergonomic}

Logging:
Log output configuration:
 #0: stdout all=warning uptime,level,tags foldmultilines=false
 #1: stderr all=off uptime,level,tags foldmultilines=false

Release file:
<release file has not been read>
Environment Variables:
JAVA_HOME=C:\Users\Mustapha\.jdks\openjdk-25.0.1
PATH=C:\WINDOWS\system32;C:\WINDOWS;C:\WINDOWS\System32\Wbem;C:\WINDOWS\System32\WindowsPowerShell\v1.0\;C:\WINDOWS\System32\OpenSSH\;C:\Program Files\nodejs\;C:\Program Files\Git\cmd;C:\Program Files\nodejs;C:\Users\Mustapha\.jdks\openjdk-25.0.1\bin;C:\laragon\bin\php\php-8.3.28-Win32-vs16-x64;C:\ProgramData\ComposerSetup\bin;C:\Users\Mustapha\AppData\Local\Microsoft\WindowsApps;C:\Users\Mustapha\AppData\Local\Programs\Microsoft VS Code\bin;C:\Users\Mustapha\AppData\Roaming\npm;C:\Users\Mustapha\AppData\Roaming\Composer\vendor\bin
USERNAME=Mustapha
OS=Windows_NT
PROCESSOR_IDENTIFIER=AMD64 Family 25 Model 80 Stepping 0, AuthenticAMD
TMP=C:\Users\Mustapha\AppData\Local\Temp
TEMP=C:\Users\Mustapha\AppData\Local\Temp




Compilation memory statistics disabled.

Periodic native trim disabled

---------------  S Y S T E M  ---------------

OS:
 Windows 11 , 64 bit Build 26100 (10.0.26100.7309)
OS uptime: 0 days 3:24 hours
Hyper-V role detected

CPU: total 12 (initial active 12) (12 cores per cpu, 2 threads per core) family 25 model 80 stepping 0 microcode 0xa500014, cx8, cmov, fxsr, ht, mmx, 3dnowpref, sse, sse2, sse3, ssse3, sse4a, sse4.1, sse4.2, popcnt, lzcnt, tsc, tscinvbit, avx, avx2, aes, erms, clmul, bmi1, bmi2, adx, sha, fma, vzeroupper, clflush, clflushopt, clwb, hv, rdtscp, rdpid, fsrm, f16c, cet_ss
Processor Information for processor 0
  Max Mhz: 2301, Current Mhz: 1913, Mhz Limit: 2301
Processor Information for processor 1
  Max Mhz: 2301, Current Mhz: 1783, Mhz Limit: 2301
Processor Information for processor 2
  Max Mhz: 2301, Current Mhz: 1913, Mhz Limit: 2301
Processor Information for processor 3
  Max Mhz: 2301, Current Mhz: 1913, Mhz Limit: 2301
Processor Information for processor 4
  Max Mhz: 2301, Current Mhz: 1913, Mhz Limit: 2301
Processor Information for processor 5
  Max Mhz: 2301, Current Mhz: 1913, Mhz Limit: 2301
Processor Information for processor 6
  Max Mhz: 2301, Current Mhz: 1783, Mhz Limit: 2301
Processor Information for processor 7
  Max Mhz: 2301, Current Mhz: 1913, Mhz Limit: 2301
Processor Information for processor 8
  Max Mhz: 2301, Current Mhz: 1783, Mhz Limit: 2301
Processor Information for processor 9
  Max Mhz: 2301, Current Mhz: 1913, Mhz Limit: 2301
Processor Information for processor 10
  Max Mhz: 2301, Current Mhz: 1913, Mhz Limit: 2301
Processor Information for processor 11
  Max Mhz: 2301, Current Mhz: 1783, Mhz Limit: 2301

Memory: 4k page, system-wide physical 15681M (978M free)
TotalPageFile size 19727M (AvailPageFile size 134M)
current process WorkingSet (physical memory assigned to process): 14M, peak: 14M
current process commit charge ("private bytes"): 65M, peak: 310M

vm_info: OpenJDK 64-Bit Server VM (25.0.1+8-27) for windows-amd64 JRE (25.0.1+8-27), built on 2025-09-25T16:41:16Z with unknown MS VC++:1943

END.
